<?xml version="1.0" encoding="UTF-8" ?>
<testsuite tests="6" failures="1" name="testRunner.TestRun" time="132.245" errors="0" skipped="0">
  <properties>
[...]
</properties>
  <testcase classname="Customers" name="Add new Customer" time="40.753"/>
  <testcase classname="Customers" name="Search Customer by EmailID" time="23.565"/>
  <testcase classname="Customers" name="Search Customer by Name" time="20.436"/>
  <testcase classname="Login" name="Successful Login with Valid Credentials" time="20.63"/>
  <testcase classname="Login" name="Login Data Driven" time="20.041"/>
  <testcase classname="Login" name="Login Data Driven" time="6.82">
    <failure type="java.lang.AssertionError">java.lang.AssertionError
	at org.junit.Assert.fail(Assert.java:86)
	at org.junit.Assert.assertTrue(Assert.java:41)
	at org.junit.Assert.assertTrue(Assert.java:52)
	at stepDefinitions.Steps.page_Title_should_be(Steps.java:51)
	at ✽.Page Title should be &quot;Dashboard / nopCommerce administration&quot;(file:src/Features/Login.feature:18)
</failure>
    <system-out>
  Scenario Outline: Login Data Driven                                          # src/Features/Login.feature:26
    Given User Launch Chrome browser                                           # Steps.user_Launch_Chrome_browser()
    When User opens URL &quot;http://admin-demo.nopcommerce.com/login&quot;              # Steps.user_opens_URL(String)
    And User enters Email as &quot;admin1@yourstore.com&quot; and Password as &quot;admin123&quot; # Steps.user_enters_Email_as_and_Password_as(String,String)
    And Click on Login                                                         # Steps.click_on_Login()
    Then Page Title should be &quot;Dashboard / nopCommerce administration&quot;         # Steps.page_Title_should_be(String)
      java.lang.AssertionError
	at org.junit.Assert.fail(Assert.java:86)
	at org.junit.Assert.assertTrue(Assert.java:41)
	at org.junit.Assert.assertTrue(Assert.java:52)
	at stepDefinitions.Steps.page_Title_should_be(Steps.java:51)
	at ?.Page Title should be &quot;Dashboard / nopCommerce administration&quot;(file:src/Features/Login.feature:18)

    When User click on Log out link                                            # Steps.user_click_on_Log_out_link()
    Then Page Title should be &quot;Your store. Login&quot;                              # Steps.page_Title_should_be(String)
    And close browser                                                          # Steps.close_browser()
</system-out>
    <system-err>Starting ChromeDriver 81.0.4044.69 (6813546031a4bc83f717a2ef7cd4ac6ec1199132-refs/branch-heads/4044@{#776}) on port 47491
Only local connections are allowed.
Please protect ports used by ChromeDriver and related test frameworks to prevent access by malicious code.
May 12, 2020 5:17:24 PM org.openqa.selenium.remote.ProtocolHandshake createSession
INFO: Detected dialect: W3C
</system-err>
  </testcase>
</testsuite>